<?xml version="1.0" encoding="UTF-8"?>
<!-- Generated by org.testng.reporters.JUnitXMLReporter -->
<testsuite ignored="2" hostname="DESKTOP-CJ2TM4F" failures="0" tests="6" name="TestRunner-firefox" time="155.726" errors="0" timestamp="2024-05-28T13:13:43 IST">
  <testcase classname="com.comcast.crm.contactalltest.CreateContactAllTest" name="createContactTest" time="26.749"/>
  <testcase classname="com.comcast.crm.contactalltest.CreateContactAllTest" name="createContactWithOrgTest" time="26.88"/>
  <testcase classname="com.comcast.crm.contactalltest.CreateContactAllTest" name="createContactWithSupportDate" time="10.798"/>
  <testcase classname="co.comcast.crm.orgalltest.CreateOrganizationAllTest" name="createOrgMandatoryField" time="12.985"/>
  <testcase classname="co.comcast.crm.orgalltest.CreateOrganizationAllTest" name="createOrgWithPhoneNumber" time="12.463"/>
  <testcase classname="co.comcast.crm.orgalltest.CreateOrganizationAllTest" name="createOrgWithType" time="12.41"/>
  <testcase classname="com.comcast.generic.baseutility.BaseClass" name="@AfterSuite configAS" time="0.0">
    <ignored/>
  </testcase> <!-- @AfterSuite configAS -->
  <testcase classname="com.comcast.generic.baseutility.BaseClass" name="@BeforeSuite configBS" time="0.0">
    <ignored/>
  </testcase> <!-- @BeforeSuite configBS -->
</testsuite> <!-- TestRunner-firefox -->
