<?xml version="1.0" encoding="UTF-8"?>
<!-- Generated by org.testng.reporters.JUnitXMLReporter -->
<testsuite ignored="2" hostname="DESKTOP-CJ2TM4F" failures="0" tests="6" name="TestRunner-chrome" time="154.407" errors="0" timestamp="2024-05-28T13:13:42 IST">
  <testcase classname="com.comcast.crm.contactalltest.CreateContactAllTest" name="createContactTest" time="22.722"/>
  <testcase classname="com.comcast.crm.contactalltest.CreateContactAllTest" name="createContactWithOrgTest" time="28.494"/>
  <testcase classname="com.comcast.crm.contactalltest.CreateContactAllTest" name="createContactWithSupportDate" time="10.717"/>
  <testcase classname="co.comcast.crm.orgalltest.CreateOrganizationAllTest" name="createOrgMandatoryField" time="13.459"/>
  <testcase classname="co.comcast.crm.orgalltest.CreateOrganizationAllTest" name="createOrgWithPhoneNumber" time="13.706"/>
  <testcase classname="co.comcast.crm.orgalltest.CreateOrganizationAllTest" name="createOrgWithType" time="11.796"/>
  <testcase classname="com.comcast.generic.baseutility.BaseClass" name="@BeforeSuite configBS" time="0.0">
    <ignored/>
  </testcase> <!-- @BeforeSuite configBS -->
  <testcase classname="com.comcast.generic.baseutility.BaseClass" name="@AfterSuite configAS" time="0.0">
    <ignored/>
  </testcase> <!-- @AfterSuite configAS -->
</testsuite> <!-- TestRunner-chrome -->
