<?xml version="1.0" encoding="UTF-8"?>
<!-- Generated by org.testng.reporters.JUnitXMLReporter -->
<testsuite ignored="0" hostname="DESKTOP-CJ2TM4F" failures="0" tests="3" name="Test2" time="10.437" errors="0" timestamp="2024-06-07T20:43:30 IST">
  <testcase classname="com.comcast.crm.contactalltest.CreateContactAllTest" name="createContactWithSupportDate" time="0.0">
    <skipped/>
  </testcase> <!-- createContactWithSupportDate -->
  <testcase classname="com.comcast.crm.contactalltest.CreateContactAllTest" name="createContactWithOrgTest" time="0.0">
    <skipped/>
  </testcase> <!-- createContactWithOrgTest -->
  <testcase classname="com.comcast.crm.contactalltest.CreateContactAllTest" name="createContactTest" time="0.0">
    <skipped/>
  </testcase> <!-- createContactTest -->
</testsuite> <!-- Test2 -->
