<?xml version="1.0" encoding="UTF-8"?>
<!-- Generated by org.testng.reporters.JUnitXMLReporter -->
<testsuite ignored="0" hostname="DESKTOP-CJ2TM4F" failures="0" tests="3" name="Test" time="51.033" errors="0" timestamp="2024-06-05T18:30:31 IST">
  <testcase classname="co.comcast.crm.orgalltest.CreateOrganizationAllTest" name="createOrgMandatoryField" time="10.108"/>
  <testcase classname="co.comcast.crm.orgalltest.CreateOrganizationAllTest" name="createOrgWithPhoneNumber" time="9.24"/>
  <testcase classname="co.comcast.crm.orgalltest.CreateOrganizationAllTest" name="createOrgWithType" time="12.972"/>
</testsuite> <!-- Test -->
